<?xml version="1.0" encoding="UTF-8"?>
<!-- Generated by org.testng.reporters.JUnitReportReporter -->
<testsuite hostname="DESKTOP-5B78P41" failures="0" tests="1" name="roughWork" time="41.024" errors="0" timestamp="2021-08-29T19:35:10 IST" skipped="0">
  <testcase classname="roughWork" name="validateInvalidImages" time="41.024"/>
  <system-out/>
</testsuite> <!-- roughWork -->
