<?xml version="1.0" encoding="UTF-8"?>
<!-- Generated by org.testng.reporters.JUnitReportReporter -->
<testsuite hostname="DESKTOP-5B78P41" failures="0" tests="2" name="TestNGBlogs" time="1197.855" errors="0" timestamp="2021-10-26T17:56:18 IST" skipped="0">
  <testcase classname="TestNGBlogs" name="mainTest" time="642.887"/>
  <system-out/>
  <testcase classname="TestNGBlogs" name="homeTest" time="554.968"/>
  <system-out/>
</testsuite> <!-- TestNGBlogs -->
